# JRE version: OpenJDK Runtime Environment GraalVM CE 22.3.0 (17.0.5+8) (build 17.0.5+8-jvmci-22.3-b08)
# Java VM: OpenJDK 64-Bit Server VM GraalVM CE 22.3.0 (17.0.5+8-jvmci-22.3-b08, mixed mode, sharing, tiered, jvmci, jvmci compiler, compressed oops, compressed class ptrs, parallel gc, linux-amd64)
GC Precious Log:
 CPUs: 8 total, 1 available
 Memory: 1024M
 Large Page Support: Disabled
 NUMA Support: Disabled
 Compressed Oops: Enabled (32-bit)
 Alignments: Space 512K, Generation 512K, Heap 2M
 Heap Min Capacity: 100M
 Heap Initial Capacity: 100M
 Heap Max Capacity: 512M
 Pre-touch: Disabled
 Parallel Workers: 1
Heap:
 PSYoungGen      total 68608K, used 36864K [0x00000000f5580000, 0x00000000fb900000, 0x0000000100000000)
  eden space 36864K, 100% used [0x00000000f5580000,0x00000000f7980000,0x00000000f7980000)
  from space 31744K, 0% used [0x00000000f7980000,0x00000000f7980000,0x00000000f9880000)
  to   space 24064K, 0% used [0x00000000f9880000,0x00000000f9880000,0x00000000fb000000)
 ParOldGen       total 349696K, used 349695K [0x00000000e0000000, 0x00000000f5580000, 0x00000000f5580000)
  object space 349696K, 99% used [0x00000000e0000000,0x00000000f557fc50,0x00000000f5580000)
 Metaspace       used 65317K, committed 66176K, reserved 1114112K
  class space    used 6039K, committed 6464K, reserved 1048576K
GC Heap History (20 events):
Event: 1873.832 GC heap before
{Heap before GC invocations=1634 (full 1387):
 PSYoungGen      total 68608K, used 36863K [0x00000000f5580000, 0x00000000fb900000, 0x0000000100000000)
  eden space 36864K, 99% used [0x00000000f5580000,0x00000000f797fff8,0x00000000f7980000)
  from space 31744K, 0% used [0x00000000f7980000,0x00000000f7980000,0x00000000f9880000)
  to   space 24064K, 0% used [0x00000000f9880000,0x00000000f9880000,0x00000000fb000000)
 ParOldGen       total 349696K, used 349694K [0x00000000e0000000, 0x00000000f5580000, 0x00000000f5580000)
  object space 349696K, 99% used [0x00000000e0000000,0x00000000f557fa08,0x00000000f5580000)
 Metaspace       used 65317K, committed 66176K, reserved 1114112K
  class space    used 6039K, committed 6464K, reserved 1048576K
}
Event: 1875.040 GC heap after
{Heap after GC invocations=1634 (full 1387):
 PSYoungGen      total 60928K, used 36863K [0x00000000f5580000, 0x00000000fb900000, 0x0000000100000000)
  eden space 36864K, 99% used [0x00000000f5580000,0x00000000f797fff8,0x00000000f7980000)
  from space 24064K, 0% used [0x00000000f9880000,0x00000000f9880000,0x00000000fb000000)
  to   space 31744K, 0% used [0x00000000f7980000,0x00000000f7980000,0x00000000f9880000)
 ParOldGen       total 349696K, used 349694K [0x00000000e0000000, 0x00000000f5580000, 0x00000000f5580000)
  object space 349696K, 99% used [0x00000000e0000000,0x00000000f557f9b8,0x00000000f5580000)
 Metaspace       used 65317K, committed 66176K, reserved 1114112K
  class space    used 6039K, committed 6464K, reserved 1048576K
}
Event: 1875.042 GC heap before
{Heap before GC invocations=1635 (full 1388):
 PSYoungGen      total 60928K, used 36863K [0x00000000f5580000, 0x00000000fb900000, 0x0000000100000000)
  eden space 36864K, 99% used [0x00000000f5580000,0x00000000f797fff8,0x00000000f7980000)
  from space 24064K, 0% used [0x00000000f9880000,0x00000000f9880000,0x00000000fb000000)
  to   space 31744K, 0% used [0x00000000f7980000,0x00000000f7980000,0x00000000f9880000)
 ParOldGen       total 349696K, used 349695K [0x00000000e0000000, 0x00000000f5580000, 0x00000000f5580000)
  object space 349696K, 99% used [0x00000000e0000000,0x00000000f557fcd0,0x00000000f5580000)
 Metaspace       used 65317K, committed 66176K, reserved 1114112K
  class space    used 6039K, committed 6464K, reserved 1048576K
}
Event: 1876.300 GC heap after
{Heap after GC invocations=1635 (full 1388):
 PSYoungGen      total 68608K, used 36863K [0x00000000f5580000, 0x00000000fb900000, 0x0000000100000000)
  eden space 36864K, 99% used [0x00000000f5580000,0x00000000f797ffc0,0x00000000f7980000)
  from space 31744K, 0% used [0x00000000f7980000,0x00000000f7980000,0x00000000f9880000)
  to   space 24064K, 0% used [0x00000000f9880000,0x00000000f9880000,0x00000000fb000000)
 ParOldGen       total 349696K, used 349694K [0x00000000e0000000, 0x00000000f5580000, 0x00000000f5580000)
  object space 349696K, 99% used [0x00000000e0000000,0x00000000f557f9f0,0x00000000f5580000)
 Metaspace       used 65317K, committed 66176K, reserved 1114112K
  class space    used 6039K, committed 6464K, reserved 1048576K
}
Event: 1876.300 GC heap before
{Heap before GC invocations=1636 (full 1389):
 PSYoungGen      total 68608K, used 36863K [0x00000000f5580000, 0x00000000fb900000, 0x0000000100000000)
  eden space 36864K, 99% used [0x00000000f5580000,0x00000000f797ffc0,0x00000000f7980000)
  from space 31744K, 0% used [0x00000000f7980000,0x00000000f7980000,0x00000000f9880000)
  to   space 24064K, 0% used [0x00000000f9880000,0x00000000f9880000,0x00000000fb000000)
 ParOldGen       total 349696K, used 349694K [0x00000000e0000000, 0x00000000f5580000, 0x00000000f5580000)
  object space 349696K, 99% used [0x00000000e0000000,0x00000000f557f9f0,0x00000000f5580000)
 Metaspace       used 65317K, committed 66176K, reserved 1114112K
  class space    used 6039K, committed 6464K, reserved 1048576K
}
Event: 1877.472 GC heap after
{Heap after GC invocations=1636 (full 1389):
 PSYoungGen      total 60928K, used 36863K [0x00000000f5580000, 0x00000000fb900000, 0x0000000100000000)
  eden space 36864K, 99% used [0x00000000f5580000,0x00000000f797fcd8,0x00000000f7980000)
  from space 24064K, 0% used [0x00000000f9880000,0x00000000f9880000,0x00000000fb000000)
  to   space 31744K, 0% used [0x00000000f7980000,0x00000000f7980000,0x00000000f9880000)
 ParOldGen       total 349696K, used 349693K [0x00000000e0000000, 0x00000000f5580000, 0x00000000f5580000)
  object space 349696K, 99% used [0x00000000e0000000,0x00000000f557f7c0,0x00000000f5580000)
 Metaspace       used 65317K, committed 66176K, reserved 1114112K
  class space    used 6039K, committed 6464K, reserved 1048576K
}
Event: 1877.474 GC heap before
{Heap before GC invocations=1637 (full 1390):
 PSYoungGen      total 60928K, used 36864K [0x00000000f5580000, 0x00000000fb900000, 0x0000000100000000)
  eden space 36864K, 100% used [0x00000000f5580000,0x00000000f7980000,0x00000000f7980000)
  from space 24064K, 0% used [0x00000000f9880000,0x00000000f9880000,0x00000000fb000000)
  to   space 31744K, 0% used [0x00000000f7980000,0x00000000f7980000,0x00000000f9880000)
 ParOldGen       total 349696K, used 349695K [0x00000000e0000000, 0x00000000f5580000, 0x00000000f5580000)
  object space 349696K, 99% used [0x00000000e0000000,0x00000000f557fe70,0x00000000f5580000)
 Metaspace       used 65317K, committed 66176K, reserved 1114112K
  class space    used 6039K, committed 6464K, reserved 1048576K
}
Event: 1878.751 GC heap after
{Heap after GC invocations=1637 (full 1390):
 PSYoungGen      total 68608K, used 36863K [0x00000000f5580000, 0x00000000fb900000, 0x0000000100000000)
  eden space 36864K, 99% used [0x00000000f5580000,0x00000000f797fc38,0x00000000f7980000)
  from space 31744K, 0% used [0x00000000f7980000,0x00000000f7980000,0x00000000f9880000)
  to   space 24064K, 0% used [0x00000000f9880000,0x00000000f9880000,0x00000000fb000000)
 ParOldGen       total 349696K, used 349694K [0x00000000e0000000, 0x00000000f5580000, 0x00000000f5580000)
  object space 349696K, 99% used [0x00000000e0000000,0x00000000f557fba0,0x00000000f5580000)
 Metaspace       used 65317K, committed 66176K, reserved 1114112K
  class space    used 6039K, committed 6464K, reserved 1048576K
}
Event: 1878.761 GC heap before
{Heap before GC invocations=1638 (full 1391):
 PSYoungGen      total 68608K, used 36864K [0x00000000f5580000, 0x00000000fb900000, 0x0000000100000000)
  eden space 36864K, 100% used [0x00000000f5580000,0x00000000f7980000,0x00000000f7980000)
  from space 31744K, 0% used [0x00000000f7980000,0x00000000f7980000,0x00000000f9880000)
  to   space 24064K, 0% used [0x00000000f9880000,0x00000000f9880000,0x00000000fb000000)
 ParOldGen       total 349696K, used 349694K [0x00000000e0000000, 0x00000000f5580000, 0x00000000f5580000)
  object space 349696K, 99% used [0x00000000e0000000,0x00000000f557fba0,0x00000000f5580000)
 Metaspace       used 65317K, committed 66176K, reserved 1114112K
  class space    used 6039K, committed 6464K, reserved 1048576K
}
Event: 1879.892 GC heap after
{Heap after GC invocations=1638 (full 1391):
 PSYoungGen      total 60928K, used 36863K [0x00000000f5580000, 0x00000000fb900000, 0x0000000100000000)
  eden space 36864K, 99% used [0x00000000f5580000,0x00000000f797fe30,0x00000000f7980000)
  from space 24064K, 0% used [0x00000000f9880000,0x00000000f9880000,0x00000000fb000000)
  to   space 31744K, 0% used [0x00000000f7980000,0x00000000f7980000,0x00000000f9880000)
 ParOldGen       total 349696K, used 349694K [0x00000000e0000000, 0x00000000f5580000, 0x00000000f5580000)
  object space 349696K, 99% used [0x00000000e0000000,0x00000000f557fae8,0x00000000f5580000)
 Metaspace       used 65317K, committed 66176K, reserved 1114112K
  class space    used 6039K, committed 6464K, reserved 1048576K
}
Event: 1879.928 GC heap before
{Heap before GC invocations=1639 (full 1392):
 PSYoungGen      total 60928K, used 36863K [0x00000000f5580000, 0x00000000fb900000, 0x0000000100000000)
  eden space 36864K, 99% used [0x00000000f5580000,0x00000000f797ffe8,0x00000000f7980000)
  from space 24064K, 0% used [0x00000000f9880000,0x00000000f9880000,0x00000000fb000000)
  to   space 31744K, 0% used [0x00000000f7980000,0x00000000f7980000,0x00000000f9880000)
 ParOldGen       total 349696K, used 349694K [0x00000000e0000000, 0x00000000f5580000, 0x00000000f5580000)
  object space 349696K, 99% used [0x00000000e0000000,0x00000000f557fae8,0x00000000f5580000)
 Metaspace       used 65317K, committed 66176K, reserved 1114112K
  class space    used 6039K, committed 6464K, reserved 1048576K
}
Event: 1881.164 GC heap after
{Heap after GC invocations=1639 (full 1392):
 PSYoungGen      total 68608K, used 36863K [0x00000000f5580000, 0x00000000fb900000, 0x0000000100000000)
  eden space 36864K, 99% used [0x00000000f5580000,0x00000000f797fee0,0x00000000f7980000)
  from space 31744K, 0% used [0x00000000f7980000,0x00000000f7980000,0x00000000f9880000)
  to   space 24064K, 0% used [0x00000000f9880000,0x00000000f9880000,0x00000000fb000000)
 ParOldGen       total 349696K, used 349694K [0x00000000e0000000, 0x00000000f5580000, 0x00000000f5580000)
  object space 349696K, 99% used [0x00000000e0000000,0x00000000f557fae8,0x00000000f5580000)
 Metaspace       used 65317K, committed 66176K, reserved 1114112K
  class space    used 6039K, committed 6464K, reserved 1048576K
}
Event: 1881.166 GC heap before
{Heap before GC invocations=1640 (full 1393):
 PSYoungGen      total 68608K, used 36863K [0x00000000f5580000, 0x00000000fb900000, 0x0000000100000000)
  eden space 36864K, 99% used [0x00000000f5580000,0x00000000f797fff8,0x00000000f7980000)
  from space 31744K, 0% used [0x00000000f7980000,0x00000000f7980000,0x00000000f9880000)
  to   space 24064K, 0% used [0x00000000f9880000,0x00000000f9880000,0x00000000fb000000)
 ParOldGen       total 349696K, used 349694K [0x00000000e0000000, 0x00000000f5580000, 0x00000000f5580000)
  object space 349696K, 99% used [0x00000000e0000000,0x00000000f557fae8,0x00000000f5580000)
 Metaspace       used 65317K, committed 66176K, reserved 1114112K
  class space    used 6039K, committed 6464K, reserved 1048576K
}
Event: 1882.368 GC heap after
{Heap after GC invocations=1640 (full 1393):
 PSYoungGen      total 60928K, used 36863K [0x00000000f5580000, 0x00000000fb900000, 0x0000000100000000)
  eden space 36864K, 99% used [0x00000000f5580000,0x00000000f797ff10,0x00000000f7980000)
  from space 24064K, 0% used [0x00000000f9880000,0x00000000f9880000,0x00000000fb000000)
  to   space 31744K, 0% used [0x00000000f7980000,0x00000000f7980000,0x00000000f9880000)
 ParOldGen       total 349696K, used 349694K [0x00000000e0000000, 0x00000000f5580000, 0x00000000f5580000)
  object space 349696K, 99% used [0x00000000e0000000,0x00000000f557fae8,0x00000000f5580000)
 Metaspace       used 65317K, committed 66176K, reserved 1114112K
  class space    used 6039K, committed 6464K, reserved 1048576K
}
Event: 1882.369 GC heap before
{Heap before GC invocations=1641 (full 1394):
 PSYoungGen      total 60928K, used 36864K [0x00000000f5580000, 0x00000000fb900000, 0x0000000100000000)
  eden space 36864K, 100% used [0x00000000f5580000,0x00000000f7980000,0x00000000f7980000)
  from space 24064K, 0% used [0x00000000f9880000,0x00000000f9880000,0x00000000fb000000)
  to   space 31744K, 0% used [0x00000000f7980000,0x00000000f7980000,0x00000000f9880000)
 ParOldGen       total 349696K, used 349694K [0x00000000e0000000, 0x00000000f5580000, 0x00000000f5580000)
  object space 349696K, 99% used [0x00000000e0000000,0x00000000f557fae8,0x00000000f5580000)
 Metaspace       used 65317K, committed 66176K, reserved 1114112K
  class space    used 6039K, committed 6464K, reserved 1048576K
}
Event: 1883.563 GC heap after
{Heap after GC invocations=1641 (full 1394):
 PSYoungGen      total 68608K, used 36863K [0x00000000f5580000, 0x00000000fb900000, 0x0000000100000000)
  eden space 36864K, 99% used [0x00000000f5580000,0x00000000f797ffd8,0x00000000f7980000)
  from space 31744K, 0% used [0x00000000f7980000,0x00000000f7980000,0x00000000f9880000)
  to   space 24064K, 0% used [0x00000000f9880000,0x00000000f9880000,0x00000000fb000000)
 ParOldGen       total 349696K, used 349694K [0x00000000e0000000, 0x00000000f5580000, 0x00000000f5580000)
  object space 349696K, 99% used [0x00000000e0000000,0x00000000f557fae8,0x00000000f5580000)
 Metaspace       used 65317K, committed 66176K, reserved 1114112K
  class space    used 6039K, committed 6464K, reserved 1048576K
}
Event: 1883.565 GC heap before
{Heap before GC invocations=1642 (full 1395):
 PSYoungGen      total 68608K, used 36864K [0x00000000f5580000, 0x00000000fb900000, 0x0000000100000000)
  eden space 36864K, 100% used [0x00000000f5580000,0x00000000f7980000,0x00000000f7980000)
  from space 31744K, 0% used [0x00000000f7980000,0x00000000f7980000,0x00000000f9880000)
  to   space 24064K, 0% used [0x00000000f9880000,0x00000000f9880000,0x00000000fb000000)
 ParOldGen       total 349696K, used 349695K [0x00000000e0000000, 0x00000000f5580000, 0x00000000f5580000)
  object space 349696K, 99% used [0x00000000e0000000,0x00000000f557ff50,0x00000000f5580000)
 Metaspace       used 65317K, committed 66176K, reserved 1114112K
  class space    used 6039K, committed 6464K, reserved 1048576K
}
Event: 1884.796 GC heap after
{Heap after GC invocations=1642 (full 1395):
 PSYoungGen      total 60928K, used 36864K [0x00000000f5580000, 0x00000000fb900000, 0x0000000100000000)
  eden space 36864K, 100% used [0x00000000f5580000,0x00000000f7980000,0x00000000f7980000)
  from space 24064K, 0% used [0x00000000f9880000,0x00000000f9880000,0x00000000fb000000)
  to   space 31744K, 0% used [0x00000000f7980000,0x00000000f7980000,0x00000000f9880000)
 ParOldGen       total 349696K, used 349694K [0x00000000e0000000, 0x00000000f5580000, 0x00000000f5580000)
  object space 349696K, 99% used [0x00000000e0000000,0x00000000f557fbf0,0x00000000f5580000)
 Metaspace       used 65317K, committed 66176K, reserved 1114112K
  class space    used 6039K, committed 6464K, reserved 1048576K
}
Event: 1884.796 GC heap before
{Heap before GC invocations=1643 (full 1396):
 PSYoungGen      total 60928K, used 36864K [0x00000000f5580000, 0x00000000fb900000, 0x0000000100000000)
  eden space 36864K, 100% used [0x00000000f5580000,0x00000000f7980000,0x00000000f7980000)
  from space 24064K, 0% used [0x00000000f9880000,0x00000000f9880000,0x00000000fb000000)
  to   space 31744K, 0% used [0x00000000f7980000,0x00000000f7980000,0x00000000f9880000)
 ParOldGen       total 349696K, used 349694K [0x00000000e0000000, 0x00000000f5580000, 0x00000000f5580000)
  object space 349696K, 99% used [0x00000000e0000000,0x00000000f557fbf0,0x00000000f5580000)
 Metaspace       used 65317K, committed 66176K, reserved 1114112K
  class space    used 6039K, committed 6464K, reserved 1048576K
}
Event: 1886.113 GC heap after
{Heap after GC invocations=1643 (full 1396):
 PSYoungGen      total 68608K, used 36864K [0x00000000f5580000, 0x00000000fb900000, 0x0000000100000000)
  eden space 36864K, 100% used [0x00000000f5580000,0x00000000f7980000,0x00000000f7980000)
  from space 31744K, 0% used [0x00000000f7980000,0x00000000f7980000,0x00000000f9880000)
  to   space 24064K, 0% used [0x00000000f9880000,0x00000000f9880000,0x00000000fb000000)
 ParOldGen       total 349696K, used 349694K [0x00000000e0000000, 0x00000000f5580000, 0x00000000f5580000)
  object space 349696K, 99% used [0x00000000e0000000,0x00000000f557fbf0,0x00000000f5580000)
 Metaspace       used 65317K, committed 66176K, reserved 1114112K
  class space    used 6039K, committed 6464K, reserved 1048576K
}

